<?xml version="1.0" encoding="UTF-8"?>
<!-- Generated by org.testng.reporters.JUnitXMLReporter -->
<testsuite ignored="2" hostname="Gautham" failures="0" tests="3" name="Test" time="5.341" errors="0" timestamp="2022-07-31T21:10:13 IST">
  <testcase classname="Default.GetUrl" name="url" time="3.357"/>
  <testcase classname="Default.ActualTests" name="windowMax" time="0.317"/>
  <testcase classname="Default.ActualTests" name="radioButton" time="0.088"/>
  <testcase classname="Default.BrowserLaunch" name="@BeforeTest Launch" time="0.0">
    <ignored/>
  </testcase> <!-- @BeforeTest Launch -->
  <testcase classname="Default.BrowserLaunch" name="@BeforeTest Launch" time="0.0">
    <ignored/>
  </testcase> <!-- @BeforeTest Launch -->
</testsuite> <!-- Test -->
